<?xml version="1.0" encoding="UTF-8"?>
<!-- Generated by org.testng.reporters.JUnitReportReporter -->
<testsuite hostname="DESKTOP-OQPM0JT" failures="0" tests="1" name="annotations.ParameterDemo" time="11.344" errors="0" timestamp="2025-05-08T19:54:03 IST" skipped="0">
  <testcase classname="annotations.ParameterDemo" name="fblogin" time="11.344"/>
  <system-out/>
</testsuite> <!-- annotations.ParameterDemo -->
