<?xml version="1.0" encoding="UTF-8"?>
<!-- Generated by org.testng.reporters.JUnitReportReporter -->
<testsuite hostname="DESKTOP-OQPM0JT" failures="0" tests="3" name="annotations.DataProviderDemo" time="25.222" errors="0" timestamp="2025-05-09T19:32:03 IST" skipped="0">
  <testcase classname="annotations.DataProviderDemo" name="login" time="8.604"/>
  <system-out/>
  <testcase classname="annotations.DataProviderDemo" name="login" time="6.621"/>
  <system-out/>
  <testcase classname="annotations.DataProviderDemo" name="login" time="9.997"/>
  <system-out/>
</testsuite> <!-- annotations.DataProviderDemo -->
