<?xml version="1.0" encoding="UTF-8"?>
<!-- Generated by org.testng.reporters.JUnitReportReporter -->
<testsuite hostname="DESKTOP-OQPM0JT" failures="0" tests="3" name="org.test.CrossBrowser" time="2.379" errors="0" timestamp="2025-05-13T19:33:06 IST" skipped="0">
  <testcase classname="org.test.CrossBrowser" name="verifyPageTitle" time="0.324"/>
  <system-out/>
  <testcase classname="org.test.CrossBrowser" name="verifyPageTitle" time="1.878"/>
  <system-out/>
  <testcase classname="org.test.CrossBrowser" name="verifyPageTitle" time="0.177"/>
  <system-out/>
</testsuite> <!-- org.test.CrossBrowser -->
