<?xml version="1.0" encoding="UTF-8"?>
<!-- Generated by org.testng.reporters.JUnitReportReporter -->
<testsuite hostname="DESKTOP-OQPM0JT" failures="0" tests="3" name="org.report.ExtendReportDemo" time="0.112" errors="0" timestamp="2025-05-15T19:47:36 IST" skipped="0">
  <testcase classname="org.report.ExtendReportDemo" name="homepage" time="0.093"/>
  <system-out/>
  <testcase classname="org.report.ExtendReportDemo" name="productpage" time="0.005"/>
  <system-out/>
  <testcase classname="org.report.ExtendReportDemo" name="signup" time="0.014"/>
  <system-out/>
</testsuite> <!-- org.report.ExtendReportDemo -->
