<?xml version="1.0" encoding="UTF-8"?>
<!-- Generated by org.testng.reporters.JUnitReportReporter -->
<testsuite hostname="DESKTOP-OQPM0JT" failures="0" tests="1" name="org.test.FbCheck" time="8.374" errors="0" timestamp="2025-05-17T12:59:47 IST" skipped="0">
  <testcase classname="org.test.FbCheck" name="fbtitle" time="8.374"/>
  <system-out/>
</testsuite> <!-- org.test.FbCheck -->
