<?xml version="1.0" encoding="UTF-8"?>
<!-- Generated by org.testng.reporters.JUnitReportReporter -->
<testsuite hostname="DESKTOP-OQPM0JT" failures="0" tests="1" name="org.test.Class2" time="0.010" errors="0" timestamp="2025-05-15T14:51:53 IST" skipped="0">
  <testcase classname="org.test.Class2" name="class2Method2" time="0.010"/>
  <system-out/>
</testsuite> <!-- org.test.Class2 -->
