<?xml version="1.0" encoding="UTF-8"?>
<!-- Generated by org.testng.reporters.JUnitReportReporter -->
<testsuite hostname="DESKTOP-OQPM0JT" failures="0" tests="2" name="org.report.GoogleExtendReport" time="16.247" errors="0" timestamp="2025-05-16T19:37:40 IST" skipped="0">
  <testcase classname="org.report.GoogleExtendReport" name="checkTitle" time="7.709"/>
  <system-out/>
  <testcase classname="org.report.GoogleExtendReport" name="checkAboutLink" time="8.538"/>
  <system-out/>
</testsuite> <!-- org.report.GoogleExtendReport -->
